<?xml version="1.0" encoding="UTF-8"?>
<!-- Generated by org.testng.reporters.JUnitReportReporter -->
<testsuite hostname="DESKTOP-L4853CI" failures="0" tests="1" name="day2.DifferentPostRequestBody" time="1.411" errors="0" timestamp="2025-06-11T13:03:52 BDT" skipped="0">
  <testcase classname="day2.DifferentPostRequestBody" name="testPostUsingExternalFile" time="1.411"/>
</testsuite> <!-- day2.DifferentPostRequestBody -->
