<?xml version="1.0" encoding="UTF-8"?>
<!-- Generated by org.testng.reporters.JUnitReportReporter -->
<testsuite hostname="DESKTOP-L4853CI" failures="0" tests="1" name="day3.CookieDemo" time="1.511" errors="0" timestamp="2025-06-13T11:09:06 BDT" skipped="0">
  <testcase classname="day3.CookieDemo" name="getCookieinfo" time="1.511"/>
</testsuite> <!-- day3.CookieDemo -->
