<?xml version="1.0" encoding="UTF-8"?>
<!-- Generated by org.testng.reporters.JUnitReportReporter -->
<testsuite hostname="DESKTOP-L4853CI" failures="0" tests="1" name="day4.ParsingJsonResponseData" time="0.873" errors="0" timestamp="2025-06-16T19:15:13 BDT" skipped="0">
  <testcase classname="day4.ParsingJsonResponseData" name="testJsonResponse3" time="0.873"/>
</testsuite> <!-- day4.ParsingJsonResponseData -->
