<?xml version="1.0" encoding="UTF-8"?>
<!-- Generated by org.testng.reporters.JUnitReportReporter -->
<testsuite hostname="DESKTOP-L4853CI" failures="0" tests="1" name="serializationanddeserialization.SerializationDeserialization" time="0.169" errors="0" timestamp="2025-06-30T11:50:41 BDT" skipped="0">
  <testcase classname="serializationanddeserialization.SerializationDeserialization" name="cnvertJson2Pojo" time="0.169"/>
</testsuite> <!-- serializationanddeserialization.SerializationDeserialization -->
