<?xml version="1.0" encoding="UTF-8"?>
<!-- Generated by org.testng.reporters.JUnitReportReporter -->
<testsuite hostname="DESKTOP-L4853CI" failures="0" tests="3" name="day1.HTTPRequests" time="3.244" errors="0" timestamp="2025-06-03T18:19:35 BDT" skipped="0">
  <testcase classname="day1.HTTPRequests" name="getUsers" time="1.819"/>
  <testcase classname="day1.HTTPRequests" name="createUser" time="0.808"/>
  <testcase classname="day1.HTTPRequests" name="updateUser" time="0.617"/>
</testsuite> <!-- day1.HTTPRequests -->
