<?xml version="1.0" encoding="UTF-8"?>
<!-- Generated by org.testng.reporters.JUnitReportReporter -->
<testsuite hostname="DESKTOP-L4853CI" failures="0" tests="1" name="ApiChaining.Test_CreatUser" time="2.016" errors="0" timestamp="2025-07-08T11:51:35 BDT" skipped="0">
  <testcase classname="ApiChaining.Test_CreatUser" name="test_createuser" time="2.016"/>
</testsuite> <!-- ApiChaining.Test_CreatUser -->
