<?xml version="1.0" encoding="UTF-8"?>
<!-- Generated by org.testng.reporters.JUnitReportReporter -->
<testsuite hostname="DESKTOP-L4853CI" failures="0" tests="1" name="day5.multifilesupload" time="1.557" errors="0" timestamp="2025-06-23T17:59:54 BDT" skipped="0">
  <testcase classname="day5.multifilesupload" name="fileUpload" time="1.557"/>
</testsuite> <!-- day5.multifilesupload -->
