<?xml version="1.0" encoding="UTF-8"?>
<!-- Generated by org.testng.reporters.JUnitReportReporter -->
<testsuite hostname="DESKTOP-L4853CI" failures="0" tests="1" name="day3.testHeader" time="1.227" errors="0" timestamp="2025-06-14T20:45:36 BDT" skipped="0">
  <testcase classname="day3.testHeader" name="getHeaderss" time="1.227"/>
</testsuite> <!-- day3.testHeader -->
