<?xml version="1.0" encoding="UTF-8"?>
<!-- Generated by org.testng.reporters.JUnitReportReporter -->
<testsuite hostname="DESKTOP-L4853CI" failures="0" tests="1" name="day3.testQueryandParameter" time="1.574" errors="0" timestamp="2025-06-12T20:49:25 BDT" skipped="0">
  <testcase classname="day3.testQueryandParameter" name="voidtestquryparameter" time="1.574"/>
</testsuite> <!-- day3.testQueryandParameter -->
