<?xml version="1.0" encoding="UTF-8"?>
<!-- Generated by org.testng.reporters.JUnitReportReporter -->
<testsuite hostname="DESKTOP-L4853CI" failures="0" tests="1" name="ApiChaining.GetUser" time="0.435" errors="0" timestamp="2025-07-08T11:51:35 BDT" skipped="0">
  <testcase classname="ApiChaining.GetUser" name="test_getuser" time="0.435"/>
</testsuite> <!-- ApiChaining.GetUser -->
