<?xml version="1.0" encoding="UTF-8"?>
<!-- Generated by org.testng.reporters.JUnitReportReporter -->
<testsuite hostname="DESKTOP-L4853CI" failures="0" tests="1" name="jsonXMMLvalidation.XMLSchemaValidation" time="0.942" errors="0" timestamp="2025-06-29T17:37:44 BDT" skipped="0">
  <testcase classname="jsonXMMLvalidation.XMLSchemaValidation" name="xmlvalidation" time="0.942"/>
</testsuite> <!-- jsonXMMLvalidation.XMLSchemaValidation -->
