<?xml version="1.0" encoding="UTF-8"?>
<!-- Generated by org.testng.reporters.JUnitReportReporter -->
<testsuite hostname="DESKTOP-L4853CI" failures="0" tests="1" name="ApiChaining.UpdateUser" time="1.269" errors="0" timestamp="2025-07-08T11:51:35 BDT" skipped="0">
  <testcase classname="ApiChaining.UpdateUser" name="test_updateuser" time="1.269"/>
</testsuite> <!-- ApiChaining.UpdateUser -->
